<?xml version="1.0" encoding="UTF-8"?>
<testng-results skipped="0" failed="0" ignored="0" total="6" passed="6">
  <reporter-output>
  </reporter-output>
  <suite name="Default suite" duration-ms="8626" started-at="2020-02-02T16:58:58Z" finished-at="2020-02-02T16:59:06Z">
    <groups>
    </groups>
    <test name="Default test" duration-ms="8626" started-at="2020-02-02T16:58:58Z" finished-at="2020-02-02T16:59:06Z">
      <class name="com.employeeapi.testCases.TC005_Delete_Employee_Record">
        <test-method status="PASS" signature="setup()[pri:0, instance:com.employeeapi.testCases.TC005_Delete_Employee_Record@5f2108b5]" name="setup" is-config="true" duration-ms="140" started-at="2020-02-02T16:58:58Z" finished-at="2020-02-02T16:58:58Z">
          <reporter-output>
          </reporter-output>
        </test-method> <!-- setup -->
        <test-method status="PASS" signature="deleteEmployee()[pri:0, instance:com.employeeapi.testCases.TC005_Delete_Employee_Record@5f2108b5]" name="deleteEmployee" is-config="true" duration-ms="8420" started-at="2020-02-02T16:58:58Z" finished-at="2020-02-02T16:59:06Z">
          <reporter-output>
          </reporter-output>
        </test-method> <!-- deleteEmployee -->
        <test-method status="PASS" signature="checkContentType()[pri:0, instance:com.employeeapi.testCases.TC005_Delete_Employee_Record@5f2108b5]" name="checkContentType" duration-ms="0" started-at="2020-02-02T16:59:06Z" finished-at="2020-02-02T16:59:06Z">
          <reporter-output>
          </reporter-output>
        </test-method> <!-- checkContentType -->
        <test-method status="PASS" signature="checkResposeBody()[pri:0, instance:com.employeeapi.testCases.TC005_Delete_Employee_Record@5f2108b5]" name="checkResposeBody" duration-ms="9" started-at="2020-02-02T16:59:06Z" finished-at="2020-02-02T16:59:06Z">
          <reporter-output>
          </reporter-output>
        </test-method> <!-- checkResposeBody -->
        <test-method status="PASS" signature="checkStatusCode()[pri:0, instance:com.employeeapi.testCases.TC005_Delete_Employee_Record@5f2108b5]" name="checkStatusCode" duration-ms="4" started-at="2020-02-02T16:59:06Z" finished-at="2020-02-02T16:59:06Z">
          <reporter-output>
          </reporter-output>
        </test-method> <!-- checkStatusCode -->
        <test-method status="PASS" signature="checkcontentEncoding()[pri:0, instance:com.employeeapi.testCases.TC005_Delete_Employee_Record@5f2108b5]" name="checkcontentEncoding" duration-ms="2" started-at="2020-02-02T16:59:06Z" finished-at="2020-02-02T16:59:06Z">
          <reporter-output>
          </reporter-output>
        </test-method> <!-- checkcontentEncoding -->
        <test-method status="PASS" signature="checkserverType()[pri:0, instance:com.employeeapi.testCases.TC005_Delete_Employee_Record@5f2108b5]" name="checkserverType" duration-ms="0" started-at="2020-02-02T16:59:06Z" finished-at="2020-02-02T16:59:06Z">
          <reporter-output>
          </reporter-output>
        </test-method> <!-- checkserverType -->
        <test-method status="PASS" signature="checkstatusLine()[pri:0, instance:com.employeeapi.testCases.TC005_Delete_Employee_Record@5f2108b5]" name="checkstatusLine" duration-ms="2" started-at="2020-02-02T16:59:06Z" finished-at="2020-02-02T16:59:06Z">
          <reporter-output>
          </reporter-output>
        </test-method> <!-- checkstatusLine -->
        <test-method status="PASS" signature="tearDown()[pri:0, instance:com.employeeapi.testCases.TC005_Delete_Employee_Record@5f2108b5]" name="tearDown" is-config="true" duration-ms="1" started-at="2020-02-02T16:59:06Z" finished-at="2020-02-02T16:59:06Z">
          <reporter-output>
          </reporter-output>
        </test-method> <!-- tearDown -->
      </class> <!-- com.employeeapi.testCases.TC005_Delete_Employee_Record -->
    </test> <!-- Default test -->
  </suite> <!-- Default suite -->
</testng-results>
