<?xml version="1.0" encoding="UTF-8"?>
<!-- Generated by org.testng.reporters.JUnitXMLReporter -->
<testsuite hostname="LAPTOP-78FTHU8P" ignored="0" name="Default test" tests="6" failures="0" timestamp="02 Feb 2020 16:59:06 GMT" time="8.626" errors="0">
  <testcase name="checkContentType" time="0.0" classname="com.employeeapi.testCases.TC005_Delete_Employee_Record"/>
  <testcase name="checkResposeBody" time="0.009" classname="com.employeeapi.testCases.TC005_Delete_Employee_Record"/>
  <testcase name="checkStatusCode" time="0.004" classname="com.employeeapi.testCases.TC005_Delete_Employee_Record"/>
  <testcase name="checkcontentEncoding" time="0.002" classname="com.employeeapi.testCases.TC005_Delete_Employee_Record"/>
  <testcase name="checkserverType" time="0.0" classname="com.employeeapi.testCases.TC005_Delete_Employee_Record"/>
  <testcase name="checkstatusLine" time="0.002" classname="com.employeeapi.testCases.TC005_Delete_Employee_Record"/>
</testsuite> <!-- Default test -->
